# JRE version: OpenJDK Runtime Environment Temurin-17.0.7+7 (17.0.7+7) (build 17.0.7+7)
# Java VM: OpenJDK 64-Bit Server VM Temurin-17.0.7+7 (17.0.7+7, mixed mode, emulated-client, tiered, compressed oops, compressed class ptrs, g1 gc, windows-amd64)
GC Precious Log:
 CPUs: 8 total, 8 available
 Memory: 16251M
 Large Page Support: Disabled
 NUMA Support: Disabled
 Compressed Oops: Enabled (32-bit)
 Heap Region Size: 1M
 Heap Min Capacity: 8M
 Heap Initial Capacity: 254M
 Heap Max Capacity: 1G
 Pre-touch: Disabled
 Parallel Workers: 8
 Concurrent Workers: 2
 Concurrent Refinement Workers: 8
 Periodic GC: Disabled
Heap:
 garbage-first heap   total 304128K, used 89735K [0x00000000c0000000, 0x0000000100000000)
  region size 1024K, 1 young (1024K), 0 survivors (0K)
 Metaspace       used 77118K, committed 77760K, reserved 1179648K
  class space    used 10596K, committed 10880K, reserved 1048576K
GC Heap History (20 events):
Event: 14759.687 GC heap before
{Heap before GC invocations=11882 (full 638):
 garbage-first heap   total 304128K, used 89735K [0x00000000c0000000, 0x0000000100000000)
  region size 1024K, 1 young (1024K), 0 survivors (0K)
 Metaspace       used 77118K, committed 77760K, reserved 1179648K
  class space    used 10596K, committed 10880K, reserved 1048576K
}
Event: 14759.738 GC heap after
{Heap after GC invocations=11883 (full 639):
 garbage-first heap   total 304128K, used 89735K [0x00000000c0000000, 0x0000000100000000)
  region size 1024K, 0 young (0K), 0 survivors (0K)
 Metaspace       used 77118K, committed 77760K, reserved 1179648K
  class space    used 10596K, committed 10880K, reserved 1048576K
}
Event: 14769.867 GC heap before
{Heap before GC invocations=11883 (full 639):
 garbage-first heap   total 304128K, used 89735K [0x00000000c0000000, 0x0000000100000000)
  region size 1024K, 1 young (1024K), 0 survivors (0K)
 Metaspace       used 77118K, committed 77760K, reserved 1179648K
  class space    used 10596K, committed 10880K, reserved 1048576K
}
Event: 14769.932 GC heap after
{Heap after GC invocations=11884 (full 640):
 garbage-first heap   total 304128K, used 89735K [0x00000000c0000000, 0x0000000100000000)
  region size 1024K, 0 young (0K), 0 survivors (0K)
 Metaspace       used 77118K, committed 77760K, reserved 1179648K
  class space    used 10596K, committed 10880K, reserved 1048576K
}
Event: 14780.071 GC heap before
{Heap before GC invocations=11884 (full 640):
 garbage-first heap   total 304128K, used 89735K [0x00000000c0000000, 0x0000000100000000)
  region size 1024K, 1 young (1024K), 0 survivors (0K)
 Metaspace       used 77118K, committed 77760K, reserved 1179648K
  class space    used 10596K, committed 10880K, reserved 1048576K
}
Event: 14780.137 GC heap after
{Heap after GC invocations=11885 (full 641):
 garbage-first heap   total 304128K, used 89735K [0x00000000c0000000, 0x0000000100000000)
  region size 1024K, 0 young (0K), 0 survivors (0K)
 Metaspace       used 77118K, committed 77760K, reserved 1179648K
  class space    used 10596K, committed 10880K, reserved 1048576K
}
Event: 14790.348 GC heap before
{Heap before GC invocations=11885 (full 641):
 garbage-first heap   total 304128K, used 89735K [0x00000000c0000000, 0x0000000100000000)
  region size 1024K, 1 young (1024K), 0 survivors (0K)
 Metaspace       used 77118K, committed 77760K, reserved 1179648K
  class space    used 10596K, committed 10880K, reserved 1048576K
}
Event: 14790.408 GC heap after
{Heap after GC invocations=11886 (full 642):
 garbage-first heap   total 304128K, used 89735K [0x00000000c0000000, 0x0000000100000000)
  region size 1024K, 0 young (0K), 0 survivors (0K)
 Metaspace       used 77118K, committed 77760K, reserved 1179648K
  class space    used 10596K, committed 10880K, reserved 1048576K
}
Event: 14800.561 GC heap before
{Heap before GC invocations=11886 (full 642):
 garbage-first heap   total 304128K, used 89735K [0x00000000c0000000, 0x0000000100000000)
  region size 1024K, 1 young (1024K), 0 survivors (0K)
 Metaspace       used 77118K, committed 77760K, reserved 1179648K
  class space    used 10596K, committed 10880K, reserved 1048576K
}
Event: 14800.628 GC heap after
{Heap after GC invocations=11887 (full 643):
 garbage-first heap   total 304128K, used 89735K [0x00000000c0000000, 0x0000000100000000)
  region size 1024K, 0 young (0K), 0 survivors (0K)
 Metaspace       used 77118K, committed 77760K, reserved 1179648K
  class space    used 10596K, committed 10880K, reserved 1048576K
}
Event: 14810.776 GC heap before
{Heap before GC invocations=11887 (full 643):
 garbage-first heap   total 304128K, used 89735K [0x00000000c0000000, 0x0000000100000000)
  region size 1024K, 1 young (1024K), 0 survivors (0K)
 Metaspace       used 77118K, committed 77760K, reserved 1179648K
  class space    used 10596K, committed 10880K, reserved 1048576K
}
Event: 14810.844 GC heap after
{Heap after GC invocations=11888 (full 644):
 garbage-first heap   total 304128K, used 89735K [0x00000000c0000000, 0x0000000100000000)
  region size 1024K, 0 young (0K), 0 survivors (0K)
 Metaspace       used 77118K, committed 77760K, reserved 1179648K
  class space    used 10596K, committed 10880K, reserved 1048576K
}
Event: 14823.602 GC heap before
{Heap before GC invocations=11888 (full 644):
 garbage-first heap   total 304128K, used 89735K [0x00000000c0000000, 0x0000000100000000)
  region size 1024K, 1 young (1024K), 0 survivors (0K)
 Metaspace       used 77118K, committed 77760K, reserved 1179648K
  class space    used 10596K, committed 10880K, reserved 1048576K
}
Event: 14823.680 GC heap after
{Heap after GC invocations=11889 (full 645):
 garbage-first heap   total 304128K, used 89735K [0x00000000c0000000, 0x0000000100000000)
  region size 1024K, 0 young (0K), 0 survivors (0K)
 Metaspace       used 77118K, committed 77760K, reserved 1179648K
  class space    used 10596K, committed 10880K, reserved 1048576K
}
Event: 14833.817 GC heap before
{Heap before GC invocations=11889 (full 645):
 garbage-first heap   total 304128K, used 89735K [0x00000000c0000000, 0x0000000100000000)
  region size 1024K, 1 young (1024K), 0 survivors (0K)
 Metaspace       used 77118K, committed 77760K, reserved 1179648K
  class space    used 10596K, committed 10880K, reserved 1048576K
}
Event: 14833.873 GC heap after
{Heap after GC invocations=11890 (full 646):
 garbage-first heap   total 304128K, used 89735K [0x00000000c0000000, 0x0000000100000000)
  region size 1024K, 0 young (0K), 0 survivors (0K)
 Metaspace       used 77118K, committed 77760K, reserved 1179648K
  class space    used 10596K, committed 10880K, reserved 1048576K
}
Event: 14844.011 GC heap before
{Heap before GC invocations=11890 (full 646):
 garbage-first heap   total 304128K, used 89735K [0x00000000c0000000, 0x0000000100000000)
  region size 1024K, 1 young (1024K), 0 survivors (0K)
 Metaspace       used 77118K, committed 77760K, reserved 1179648K
  class space    used 10596K, committed 10880K, reserved 1048576K
}
Event: 14844.077 GC heap after
{Heap after GC invocations=11891 (full 647):
 garbage-first heap   total 304128K, used 89735K [0x00000000c0000000, 0x0000000100000000)
  region size 1024K, 0 young (0K), 0 survivors (0K)
 Metaspace       used 77118K, committed 77760K, reserved 1179648K
  class space    used 10596K, committed 10880K, reserved 1048576K
}
Event: 14854.191 GC heap before
{Heap before GC invocations=11891 (full 647):
 garbage-first heap   total 304128K, used 89735K [0x00000000c0000000, 0x0000000100000000)
  region size 1024K, 1 young (1024K), 0 survivors (0K)
 Metaspace       used 77118K, committed 77760K, reserved 1179648K
  class space    used 10596K, committed 10880K, reserved 1048576K
}
Event: 14854.251 GC heap after
{Heap after GC invocations=11892 (full 648):
 garbage-first heap   total 304128K, used 89735K [0x00000000c0000000, 0x0000000100000000)
  region size 1024K, 0 young (0K), 0 survivors (0K)
 Metaspace       used 77118K, committed 77760K, reserved 1179648K
  class space    used 10596K, committed 10880K, reserved 1048576K
}

